Flow report for MA_55
Mon Dec 14 22:00:16 2015
Quartus II 64-Bit Version 13.0.1 Build 232 06/12/2013 Service Pack 1 SJ Web Edition


---------------------
; Table of Contents ;
---------------------
  1. Legal Notice
  2. Flow Summary
  3. Flow Settings
  4. Flow Non-Default Global Settings
  5. Flow Elapsed Time
  6. Flow OS Summary
  7. Flow Log
  8. Flow Messages
  9. Flow Suppressed Messages



----------------
; Legal Notice ;
----------------
Copyright (C) 1991-2013 Altera Corporation
Your use of Altera Corporation's design tools, logic functions 
and other software and tools, and its AMPP partner logic 
functions, and any output files from any of the foregoing 
(including device programming or simulation files), and any 
associated documentation or information are expressly subject 
to the terms and conditions of the Altera Program License 
Subscription Agreement, Altera MegaCore Function License 
Agreement, or other applicable license agreement, including, 
without limitation, that your use is for the sole purpose of 
programming logic devices manufactured by Altera and sold by 
Altera or its authorized distributors.  Please refer to the 
applicable agreement for further details.



+--------------------------------------------------------------------------------------+
; Flow Summary                                                                         ;
+------------------------------------+-------------------------------------------------+
; Flow Status                        ; Successful - Mon Dec 14 22:00:14 2015           ;
; Quartus II 64-Bit Version          ; 13.0.1 Build 232 06/12/2013 SP 1 SJ Web Edition ;
; Revision Name                      ; MA_55                                           ;
; Top-level Entity Name              ; Sys80_snd_test                                  ;
; Family                             ; Cyclone II                                      ;
; Device                             ; EP2C5T144C8                                     ;
; Timing Models                      ; Final                                           ;
; Total logic elements               ; 1,962 / 4,608 ( 43 % )                          ;
;     Total combinational functions  ; 1,636 / 4,608 ( 36 % )                          ;
;     Dedicated logic registers      ; 811 / 4,608 ( 18 % )                            ;
; Total registers                    ; 811                                             ;
; Total pins                         ; 6 / 89 ( 7 % )                                  ;
; Total virtual pins                 ; 0                                               ;
; Total memory bits                  ; 12,288 / 119,808 ( 10 % )                       ;
; Embedded Multiplier 9-bit elements ; 0 / 26 ( 0 % )                                  ;
; Total PLLs                         ; 1 / 2 ( 50 % )                                  ;
+------------------------------------+-------------------------------------------------+


+-----------------------------------------+
; Flow Settings                           ;
+-------------------+---------------------+
; Option            ; Setting             ;
+-------------------+---------------------+
; Start date & time ; 12/14/2015 21:59:49 ;
; Main task         ; Compilation         ;
; Revision Name     ; MA_55               ;
+-------------------+---------------------+


+---------------------------------------------------------------------------------------------------------------------+
; Flow Non-Default Global Settings                                                                                    ;
+-------------------------------------+---------------------------------+---------------+----------------+------------+
; Assignment Name                     ; Value                           ; Default Value ; Entity Name    ; Section Id ;
+-------------------------------------+---------------------------------+---------------+----------------+------------+
; COMPILER_SIGNATURE_ID               ; 190078343713161.145015918906920 ; --            ; --             ; --         ;
; IP_TOOL_NAME                        ; ROM: 1-PORT                     ; --            ; --             ; --         ;
; IP_TOOL_NAME                        ; ROM: 1-PORT                     ; --            ; --             ; --         ;
; IP_TOOL_VERSION                     ; 13.0                            ; --            ; --             ; --         ;
; IP_TOOL_VERSION                     ; 13.0                            ; --            ; --             ; --         ;
; MAX_CORE_JUNCTION_TEMP              ; 85                              ; --            ; --             ; --         ;
; MIN_CORE_JUNCTION_TEMP              ; 0                               ; --            ; --             ; --         ;
; MISC_FILE                           ; RRIOT_ROM.cmp                   ; --            ; --             ; --         ;
; MISC_FILE                           ; SND_PROM.cmp                    ; --            ; --             ; --         ;
; PARTITION_COLOR                     ; 16764057                        ; --            ; Sys80_snd_test ; Top        ;
; PARTITION_FITTER_PRESERVATION_LEVEL ; PLACEMENT_AND_ROUTING           ; --            ; Sys80_snd_test ; Top        ;
; PARTITION_NETLIST_TYPE              ; SOURCE                          ; --            ; Sys80_snd_test ; Top        ;
; PROJECT_OUTPUT_DIRECTORY            ; output_files                    ; --            ; --             ; --         ;
; TOP_LEVEL_ENTITY                    ; Sys80_snd_test                  ; MA_55         ; --             ; --         ;
+-------------------------------------+---------------------------------+---------------+----------------+------------+


+-------------------------------------------------------------------------------------------------------------------------------+
; Flow Elapsed Time                                                                                                             ;
+---------------------------+--------------+-------------------------+---------------------+------------------------------------+
; Module Name               ; Elapsed Time ; Average Processors Used ; Peak Virtual Memory ; Total CPU Time (on all processors) ;
+---------------------------+--------------+-------------------------+---------------------+------------------------------------+
; Analysis & Synthesis      ; 00:00:10     ; 1.0                     ; 512 MB              ; 00:00:10                           ;
; Fitter                    ; 00:00:11     ; 1.4                     ; 729 MB              ; 00:00:13                           ;
; Assembler                 ; 00:00:01     ; 1.0                     ; 423 MB              ; 00:00:01                           ;
; TimeQuest Timing Analyzer ; 00:00:01     ; 1.0                     ; 445 MB              ; 00:00:02                           ;
; Total                     ; 00:00:23     ; --                      ; --                  ; 00:00:26                           ;
+---------------------------+--------------+-------------------------+---------------------+------------------------------------+


+----------------------------------------------------------------------------------------+
; Flow OS Summary                                                                        ;
+---------------------------+------------------+-----------+------------+----------------+
; Module Name               ; Machine Hostname ; OS Name   ; OS Version ; Processor type ;
+---------------------------+------------------+-----------+------------+----------------+
; Analysis & Synthesis      ; Dilbert          ; Windows 7 ; 6.1        ; x86_64         ;
; Fitter                    ; Dilbert          ; Windows 7 ; 6.1        ; x86_64         ;
; Assembler                 ; Dilbert          ; Windows 7 ; 6.1        ; x86_64         ;
; TimeQuest Timing Analyzer ; Dilbert          ; Windows 7 ; 6.1        ; x86_64         ;
+---------------------------+------------------+-----------+------------+----------------+


------------
; Flow Log ;
------------
quartus_map --read_settings_files=on --write_settings_files=off MA_55 -c MA_55
quartus_fit --read_settings_files=off --write_settings_files=off MA_55 -c MA_55
quartus_asm --read_settings_files=off --write_settings_files=off MA_55 -c MA_55
quartus_sta MA_55 -c MA_55



